c:\src\toolbox\_projects\cheryl-engine\build\debug\gamefaculties\vc120.pdb
c:\src\toolbox\_projects\cheryl-engine\build\debug\gamefaculties\vc120.idb
c:\src\toolbox\_projects\cheryl-engine\build\debug\gamefaculties\basictypes.obj
c:\src\toolbox\_projects\cheryl-engine\build\debug\gamefaculties\font.obj
c:\src\toolbox\_projects\cheryl-engine\build\debug\gamefaculties\mesh.obj
c:\src\toolbox\_projects\cheryl-engine\build\debug\gamefaculties\scenenodes.obj
c:\src\toolbox\_projects\cheryl-engine\build\debug\gamefaculties\sprite.obj
c:\src\toolbox\_projects\cheryl-engine\build\debug\gamefaculties\assetabstract.obj
c:\src\toolbox\_projects\cheryl-engine\build\debug\gamefaculties\assetmgr.obj
c:\src\toolbox\_projects\cheryl-engine\build\debug\gamefaculties\file_mgr.obj
c:\src\toolbox\_projects\cheryl-engine\build\debug\gamefaculties\interaccess.obj
c:\src\toolbox\_projects\cheryl-engine\build\debug\gamefaculties\loader.obj
c:\src\toolbox\_projects\cheryl-engine\build\debug\gamefaculties\pool.obj
c:\src\toolbox\_projects\cheryl-engine\build\debug\gamefaculties\storage.obj
c:\src\toolbox\lib_files\gf\game_faculties\gamefaculties.lib
c:\src\toolbox\_projects\cheryl-engine\build\debug\gamefaculties\gamefaculties.tlog\cl.command.1.tlog
c:\src\toolbox\_projects\cheryl-engine\build\debug\gamefaculties\gamefaculties.tlog\cl.read.1.tlog
c:\src\toolbox\_projects\cheryl-engine\build\debug\gamefaculties\gamefaculties.tlog\cl.write.1.tlog
c:\src\toolbox\_projects\cheryl-engine\build\debug\gamefaculties\gamefaculties.tlog\lib-link.read.1.tlog
c:\src\toolbox\_projects\cheryl-engine\build\debug\gamefaculties\gamefaculties.tlog\lib-link.write.1.tlog
c:\src\toolbox\_projects\cheryl-engine\build\debug\gamefaculties\gamefaculties.tlog\lib.command.1.tlog
