c:\src\libraries\_projects\cheryl-engine\gamefaculties\build\debug\intermediate\vc120.pdb
c:\src\libraries\_projects\cheryl-engine\gamefaculties\build\debug\intermediate\vc120.idb
c:\src\libraries\_projects\cheryl-engine\gamefaculties\build\debug\intermediate\basictypes.obj
c:\src\libraries\_projects\cheryl-engine\gamefaculties\build\debug\intermediate\font.obj
c:\src\libraries\_projects\cheryl-engine\gamefaculties\build\debug\intermediate\mesh.obj
c:\src\libraries\_projects\cheryl-engine\gamefaculties\build\debug\intermediate\scenenodes.obj
c:\src\libraries\_projects\cheryl-engine\gamefaculties\build\debug\intermediate\sprite.obj
c:\src\libraries\_projects\cheryl-engine\gamefaculties\build\debug\intermediate\assetmgr.obj
c:\src\libraries\_projects\cheryl-engine\gamefaculties\build\debug\intermediate\file_mgr.obj
c:\src\libraries\_projects\cheryl-engine\gamefaculties\build\debug\intermediate\interaccess.obj
c:\src\libraries\_projects\cheryl-engine\gamefaculties\build\debug\intermediate\loader.obj
c:\src\libraries\_projects\cheryl-engine\gamefaculties\build\debug\intermediate\pool.obj
c:\src\libraries\_projects\cheryl-engine\gamefaculties\build\debug\intermediate\storage.obj
c:\src\libraries\lib_files\gf\game_faculties\gamefaculties.lib
c:\src\libraries\_projects\cheryl-engine\gamefaculties\build\debug\intermediate\gamefaculties.tlog\cl.command.1.tlog
c:\src\libraries\_projects\cheryl-engine\gamefaculties\build\debug\intermediate\gamefaculties.tlog\cl.read.1.tlog
c:\src\libraries\_projects\cheryl-engine\gamefaculties\build\debug\intermediate\gamefaculties.tlog\cl.write.1.tlog
c:\src\libraries\_projects\cheryl-engine\gamefaculties\build\debug\intermediate\gamefaculties.tlog\lib-link.read.1.tlog
c:\src\libraries\_projects\cheryl-engine\gamefaculties\build\debug\intermediate\gamefaculties.tlog\lib-link.write.1.tlog
c:\src\libraries\_projects\cheryl-engine\gamefaculties\build\debug\intermediate\gamefaculties.tlog\lib.command.1.tlog
