c:\src\libraries\_projects\cheryl-engine\gamefaculties\debug\vc120.pdb
c:\src\libraries\_projects\cheryl-engine\gamefaculties\debug\vc120.idb
c:\src\libraries\_projects\cheryl-engine\gamefaculties\debug\basictypes.obj
c:\src\libraries\_projects\cheryl-engine\gamefaculties\debug\font.obj
c:\src\libraries\_projects\cheryl-engine\gamefaculties\debug\mesh.obj
c:\src\libraries\_projects\cheryl-engine\gamefaculties\debug\scenenodes.obj
c:\src\libraries\_projects\cheryl-engine\gamefaculties\debug\sprite.obj
c:\src\libraries\_projects\cheryl-engine\gamefaculties\debug\assetmgr.obj
c:\src\libraries\_projects\cheryl-engine\gamefaculties\debug\file_mgr.obj
c:\src\libraries\_projects\cheryl-engine\gamefaculties\debug\interaccess.obj
c:\src\libraries\_projects\cheryl-engine\gamefaculties\debug\loader.obj
c:\src\libraries\_projects\cheryl-engine\gamefaculties\debug\pool.obj
c:\src\libraries\_projects\cheryl-engine\gamefaculties\debug\storage.obj
c:\src\libraries\gf\game_faculties\gamefaculties.lib
c:\src\libraries\_projects\cheryl-engine\gamefaculties\debug\gamefaculties.tlog\cl.command.1.tlog
c:\src\libraries\_projects\cheryl-engine\gamefaculties\debug\gamefaculties.tlog\cl.read.1.tlog
c:\src\libraries\_projects\cheryl-engine\gamefaculties\debug\gamefaculties.tlog\cl.write.1.tlog
c:\src\libraries\_projects\cheryl-engine\gamefaculties\debug\gamefaculties.tlog\lib-link.read.1.tlog
c:\src\libraries\_projects\cheryl-engine\gamefaculties\debug\gamefaculties.tlog\lib-link.write.1.tlog
c:\src\libraries\_projects\cheryl-engine\gamefaculties\debug\gamefaculties.tlog\lib.command.1.tlog
