Build started 11/6/2015 12:22:56 PM.
     1>Project "C:\src\Libraries\_Projects\Cheryl-Engine\GameFaculties\GameFaculties.vcxproj" on node 3 (Build target(s)).
     1>ClCompile:
         C:\VS2013\VC\bin\CL.exe /c /ZI /nologo /W3 /WX- /sdl /Od /Oy- /D _MBCS /Gm /EHsc /RTC1 /MDd /GS /fp:precise /Zc:wchar_t /Zc:forScope /Fo"build\Debug\\" /Fd"build\Debug\vc120.pdb" /Gd /TP /analyze- /errorReport:prompt ..\..\..\GF\Game_Faculties\AssetTypes\src\BasicTypes.cpp ..\..\..\GF\Game_Faculties\AssetTypes\src\Font.cpp ..\..\..\GF\Game_Faculties\AssetTypes\src\Mesh.cpp ..\..\..\GF\Game_Faculties\AssetTypes\src\SceneNodes.cpp ..\..\..\GF\Game_Faculties\AssetTypes\src\Sprite.cpp ..\..\..\GF\Game_Faculties\src\AssetMgr.cpp ..\..\..\GF\Game_Faculties\src\File_Mgr.cpp ..\..\..\GF\Game_Faculties\src\InterAccess.cpp ..\..\..\GF\Game_Faculties\src\Loader.cpp ..\..\..\GF\Game_Faculties\src\Pool.cpp ..\..\..\GF\Game_Faculties\src\Storage.cpp
         Storage.cpp
         Pool.cpp
         Loader.cpp
         InterAccess.cpp
         File_Mgr.cpp
         AssetMgr.cpp
         Sprite.cpp
         SceneNodes.cpp
         Mesh.cpp
         Font.cpp
         BasicTypes.cpp
         Generating Code...
       Lib:
         C:\VS2013\VC\bin\Lib.exe /OUT:"C:\src\Libraries\lib_files\GF\Game_Faculties\GameFaculties.lib" /NOLOGO build\Debug\BasicTypes.obj
         build\Debug\Font.obj
         build\Debug\Mesh.obj
         build\Debug\SceneNodes.obj
         build\Debug\Sprite.obj
         build\Debug\AssetMgr.obj
         build\Debug\File_Mgr.obj
         build\Debug\InterAccess.obj
         build\Debug\Loader.obj
         build\Debug\Pool.obj
         build\Debug\Storage.obj
         GameFaculties.vcxproj -> C:\src\Libraries\lib_files\GF\Game_Faculties\GameFaculties.lib
     1>Done Building Project "C:\src\Libraries\_Projects\Cheryl-Engine\GameFaculties\GameFaculties.vcxproj" (Build target(s)).

Build succeeded.

Time Elapsed 00:00:08.22
