Build started 15/12/2015 12:39:58.
     1>Project "C:\src\ToolBox\_Projects\Cheryl-Engine\Assets\Assets.vcxproj" on node 2 (Build target(s)).
     1>ClCompile:
         C:\VS2013\VC\bin\CL.exe /c /ZI /nologo /W3 /WX- /sdl /Od /Oy- /D _MBCS /Gm /EHsc /RTC1 /MDd /GS /fp:precise /Zc:wchar_t /Zc:forScope /Fo"build\Debug\Intermediate\\" /Fd"build\Debug\Intermediate\vc120.pdb" /Gd /TP /analyze- /errorReport:prompt ..\..\..\GF\Game_Faculties\AssetTypes\src\BasicTypes.cpp ..\..\..\GF\Game_Faculties\AssetTypes\src\Font.cpp ..\..\..\GF\Game_Faculties\AssetTypes\src\Mesh.cpp ..\..\..\GF\Game_Faculties\AssetTypes\src\SceneNodes.cpp ..\..\..\GF\Game_Faculties\AssetTypes\src\Sprite.cpp
         Sprite.cpp
         SceneNodes.cpp
         Mesh.cpp
         Font.cpp
         BasicTypes.cpp
         Generating Code...
       Lib:
         C:\VS2013\VC\bin\Lib.exe /OUT:"C:\src\ToolBox\lib_files\GF\Game_Assets\Assets.lib" /NOLOGO build\Debug\Intermediate\BasicTypes.obj
         build\Debug\Intermediate\Font.obj
         build\Debug\Intermediate\Mesh.obj
         build\Debug\Intermediate\SceneNodes.obj
         build\Debug\Intermediate\Sprite.obj
         Assets.vcxproj -> C:\src\ToolBox\lib_files\GF\Game_Assets\Assets.lib
     1>Done Building Project "C:\src\ToolBox\_Projects\Cheryl-Engine\Assets\Assets.vcxproj" (Build target(s)).

Build succeeded.

Time Elapsed 00:00:04.83
